#
# A fatal error has been detected by the Java Runtime Environment:
#
#  SIGSEGV (0xb) at pc=0x000000010e808360, pid=43531, tid=0x0000000000000103
#
# JRE version: Java(TM) SE Runtime Environment (8.0_202-b08) (build 1.8.0_202-b08)
# Java VM: Java HotSpot(TM) 64-Bit Server VM (25.202-b08 mixed mode bsd-amd64 compressed oops)
# Problematic frame:
# J 1602 C2 sun.nio.cs.UTF_8$Encoder.encodeArrayLoop(Ljava/nio/CharBuffer;Ljava/nio/ByteBuffer;)Ljava/nio/charset/CoderResult; (489 bytes) @ 0x000000010e808360 [0x000000010e808340+0x20]
#
# Failed to write core dump. Core dumps have been disabled. To enable core dumping, try "ulimit -c unlimited" before starting Java again
#
# If you would like to submit a bug report, please visit:
#   http://bugreport.java.com/bugreport/crash.jsp
#

---------------  T H R E A D  ---------------

Current thread (0x00007fa30120f800):  JavaThread "JavaFX Application Thread" [_thread_in_Java, id=259, stack(0x0000000309682000,0x0000000309e82000)]

siginfo: si_signo: 11 (SIGSEGV), si_code: 1 (SEGV_MAPERR), si_addr: 0x0000000309685fe8

Registers:
RAX=0x000000076dc46b68, RBX=0x00000000ed5642cc, RCX=0x000000076ab1ee98, RDX=0x000000076dc46b68
RSP=0x0000000309699fe8, RBP=0x000000076ab1ed00, RSI=0x000000076ab1ed00, RDI=0x000000076ab1e958
R8 =0x00000000ed563da0, R9 =0x0000000000000015, R10=0x00000000ed563dd3, R11=0x000000076ab1ee98
R12=0x0000000000000000, R13=0x0000000000000015, R14=0x00000000ed5642c7, R15=0x00007fa30120f800
RIP=0x000000010e808360, EFLAGS=0x0000000000000246, ERR=0x0000000000000006
  TRAPNO=0x000000000000000e

Top of Stack: (sp=0x0000000309699fe8)
0x0000000309699fe8:   000000010e810448 000000076ab1ee98
0x0000000309699ff8:   000000076ab1e958 000000076dc46b68
0x000000030969a008:   000000076ab1e958 ed563da0ed563dd3
0x000000030969a018:   000000076ab1eae0 00000000ed563d2b
0x000000030969a028:   000000076ab1e680 000000076ab1e730
0x000000030969a038:   000000010e80e4e4 0000000000000000
0x000000030969a048:   000000010e80e4e4 000000076ab1e958
0x000000030969a058:   000000010e81a074 000000076ca77c20
0x000000030969a068:   ed563d2bed5642c7 000000076ab1e958
0x000000030969a078:   000000076ab21638 000000076ab1e680
0x000000030969a088:   000000076ab1e680 ed563da0ed563dd3
0x000000030969a098:   00000007ed563d2b 00000000ed563d2b
0x000000030969a0a8:   0000000000000000 0000000000000001
0x000000030969a0b8:   0000000000000000 0000000000000000
0x000000030969a0c8:   0000000000000001 000000076ab1e958
0x000000030969a0d8:   000000010e81814c 000000076ab1e680
0x000000030969a0e8:   000000010e822590 000000076b8cc378
0x000000030969a0f8:   000000076ca446e8 00000007c0027950
0x000000030969a108:   000000076ab1e680 ed563d2bed56138a
0x000000030969a118:   0000000000000000 0000000000000001
0x000000030969a128:   0000000000000000 0000000000000000
0x000000030969a138:   0000000000000001 0000000000000001
0x000000030969a148:   000000010e81814c 000000076ab1e680
0x000000030969a158:   000000010e823158 0000000000000007
0x000000030969a168:   000000076ca446e8 000000076b9e2158
0x000000030969a178:   0000000400000001 000000076ca446e8
0x000000030969a188:   000000076b8cc378 0000000000000001
0x000000030969a198:   0000000000000000 00000007c0027950
0x000000030969a1a8:   0000000000000001 0000000000000001
0x000000030969a1b8:   000000010e81814c 000000076ab1e680
0x000000030969a1c8:   000000010e823158 0000000000000007
0x000000030969a1d8:   000000076ca446e8 000000076b9e2158 

Instructions: (pc=0x000000010e808360)
0x000000010e808340:   44 8b 56 08 49 c1 e2 03 49 3b c2 0f 85 0f 8b b3
0x000000010e808350:   ff 66 66 90 0f 1f 84 00 00 00 00 00 66 66 66 90
0x000000010e808360:   89 84 24 00 c0 fe ff 55 48 83 ec 50 66 48 0f 6e
0x000000010e808370:   c6 44 8b 72 2c 43 8b 44 f4 0c 0f b6 6a 28 85 ed 

Register to memory mapping:

RAX=0x000000076dc46b68 is an oop
java.nio.HeapCharBuffer 
 - klass: 'java/nio/HeapCharBuffer'
RBX=0x00000000ed5642cc is an unknown value
RCX=0x000000076ab1ee98 is an oop
java.nio.HeapByteBuffer 
 - klass: 'java/nio/HeapByteBuffer'
RDX=0x000000076dc46b68 is an oop
java.nio.HeapCharBuffer 
 - klass: 'java/nio/HeapCharBuffer'
RSP=0x0000000309699fe8 is pointing into the stack for thread: 0x00007fa30120f800
RBP=0x000000076ab1ed00 is an oop
sun.nio.cs.UTF_8$Encoder 
 - klass: 'sun/nio/cs/UTF_8$Encoder'
RSI=0x000000076ab1ed00 is an oop
sun.nio.cs.UTF_8$Encoder 
 - klass: 'sun/nio/cs/UTF_8$Encoder'
RDI=0x000000076ab1e958 is an oop
java.io.OutputStreamWriter 
 - klass: 'java/io/OutputStreamWriter'
R8 =0x00000000ed563da0 is an unknown value
R9 =0x0000000000000015 is an unknown value
R10=0x00000000ed563dd3 is an unknown value
R11=0x000000076ab1ee98 is an oop
java.nio.HeapByteBuffer 
 - klass: 'java/nio/HeapByteBuffer'
R12=0x0000000000000000 is an unknown value
R13=0x0000000000000015 is an unknown value
R14=0x00000000ed5642c7 is an unknown value
R15=0x00007fa30120f800 is a thread


Stack: [0x0000000309682000,0x0000000309e82000],  sp=0x0000000309699fe8,  free space=95k
Native frames: (J=compiled Java code, j=interpreted, Vv=VM code, C=native code)
J 1602 C2 sun.nio.cs.UTF_8$Encoder.encodeArrayLoop(Ljava/nio/CharBuffer;Ljava/nio/ByteBuffer;)Ljava/nio/charset/CoderResult; (489 bytes) @ 0x000000010e808360 [0x000000010e808340+0x20]
C  0x0000000000000000


---------------  P R O C E S S  ---------------

Java Threads: ( => current thread )
  0x00007fa2ff8e4800 JavaThread "JavaFX-Launcher" [_thread_blocked, id=78399, stack(0x000000030b6e4000,0x000000030b7e4000)]
  0x00007fa301239000 JavaThread "Thread-3" daemon [_thread_in_native, id=46855, stack(0x000000030b5de000,0x000000030b65e000)]
=>0x00007fa30120f800 JavaThread "JavaFX Application Thread" [_thread_in_Java, id=259, stack(0x0000000309682000,0x0000000309e82000)]
  0x00007fa300111800 JavaThread "Thread-1" daemon [_thread_blocked, id=38995, stack(0x000000030b4db000,0x000000030b5db000)]
  0x00007fa3000d1000 JavaThread "QuantumRenderer-0" daemon [_thread_blocked, id=42583, stack(0x000000030b350000,0x000000030b450000)]
  0x00007fa300035800 JavaThread "Service Thread" daemon [_thread_blocked, id=23559, stack(0x000000030b14a000,0x000000030b24a000)]
  0x00007fa2ff843000 JavaThread "C1 CompilerThread3" daemon [_thread_blocked, id=23043, stack(0x000000030b047000,0x000000030b147000)]
  0x00007fa30104d800 JavaThread "C2 CompilerThread2" daemon [_thread_blocked, id=22531, stack(0x000000030af44000,0x000000030b044000)]
  0x00007fa2ff83a800 JavaThread "C2 CompilerThread1" daemon [_thread_blocked, id=22019, stack(0x000000030ae41000,0x000000030af41000)]
  0x00007fa2ff817000 JavaThread "C2 CompilerThread0" daemon [_thread_blocked, id=14851, stack(0x000000030ad3e000,0x000000030ae3e000)]
  0x00007fa300013000 JavaThread "Signal Dispatcher" daemon [_thread_blocked, id=15107, stack(0x000000030ac3b000,0x000000030ad3b000)]
  0x00007fa2ff810000 JavaThread "Finalizer" daemon [_thread_blocked, id=17411, stack(0x000000030aa27000,0x000000030ab27000)]
  0x00007fa2ff80b000 JavaThread "Reference Handler" daemon [_thread_blocked, id=18211, stack(0x000000030a924000,0x000000030aa24000)]
  0x00007fa30000c800 JavaThread "main" [_thread_blocked, id=9475, stack(0x0000000309f06000,0x000000030a006000)]

Other Threads:
  0x00007fa30104a800 VMThread [stack: 0x000000030a821000,0x000000030a921000] [id=12803]
  0x00007fa300027000 WatcherThread [stack: 0x000000030b24d000,0x000000030b34d000] [id=42763]

VM state:not at safepoint (normal execution)

VM Mutex/Monitor currently owned by a thread: None

heap address: 0x00000006c0000000, size: 4096 MB, Compressed Oops mode: Zero based, Oop shift amount: 3
Narrow klass base: 0x0000000000000000, Narrow klass shift: 3
Compressed class space size: 1073741824 Address: 0x00000007c0000000

Heap:
 PSYoungGen      total 76288K, used 51644K [0x000000076ab00000, 0x0000000770000000, 0x00000007c0000000)
  eden space 65536K, 78% used [0x000000076ab00000,0x000000076dd6f118,0x000000076eb00000)
  from space 10752K, 0% used [0x000000076f580000,0x000000076f580000,0x0000000770000000)
  to   space 10752K, 0% used [0x000000076eb00000,0x000000076eb00000,0x000000076f580000)
 ParOldGen       total 175104K, used 0K [0x00000006c0000000, 0x00000006cab00000, 0x000000076ab00000)
  object space 175104K, 0% used [0x00000006c0000000,0x00000006c0000000,0x00000006cab00000)
 Metaspace       used 12754K, capacity 13296K, committed 13440K, reserved 1060864K
  class space    used 1666K, capacity 1829K, committed 1920K, reserved 1048576K

Card table byte_map: [0x000000010b9a2000,0x000000010c1a3000] byte_map_base: 0x00000001083a2000

Marking Bits: (ParMarkBitMap*) 0x000000010cd3fe40
 Begin Bits: [0x000000011d851000, 0x0000000121851000)
 End Bits:   [0x0000000121851000, 0x0000000125851000)

Polling page: 0x000000010b4cb000

CodeCache: size=245760Kb used=5243Kb max_used=5263Kb free=240516Kb
 bounds [0x000000010e2fb000, 0x000000010e82b000, 0x000000011d2fb000]
 total_blobs=2221 nmethods=1628 adapters=506
 compilation: enabled

Compilation events (10 events):
Event: 9.230 Thread 0x00007fa2ff817000 1624       4       application.StartTile::findTileInTwoDim (73 bytes)
Event: 9.237 Thread 0x00007fa2ff817000 nmethod 1624 0x000000010e811b10 code [0x000000010e811c80, 0x000000010e811f98]
Event: 9.270 Thread 0x00007fa2ff83a800 1625       4       application.StartTile::isContinue (305 bytes)
Event: 9.270 Thread 0x00007fa2ff817000 1626   !   4       application.StartTile::$SWITCH_TABLE$application$Properties (129 bytes)
Event: 9.275 Thread 0x00007fa30104d800 1627       4       application.PipeTile::isContinue (734 bytes)
Event: 9.284 Thread 0x00007fa2ff817000 nmethod 1626 0x000000010e811810 code [0x000000010e811960, 0x000000010e8119d8]
Event: 9.287 Thread 0x00007fa2ff817000 1628   !   4       application.PipeTile::$SWITCH_TABLE$application$Properties (129 bytes)
Event: 9.287 Thread 0x00007fa2ff817000 nmethod 1628 0x000000010e7f6210 code [0x000000010e7f6360, 0x000000010e7f63d8]
Event: 9.288 Thread 0x00007fa2ff83a800 nmethod 1625 0x000000010e81ce90 code [0x000000010e81d0a0, 0x000000010e81dc80]
Event: 9.361 Thread 0x00007fa30104d800 nmethod 1627 0x000000010e822110 code [0x000000010e8224e0, 0x000000010e8246b8]

GC Heap History (0 events):
No events

Deoptimization events (8 events):
Event: 0.521 Thread 0x00007fa30120f800 Uncommon trap: reason=unstable_if action=reinterpret pc=0x000000010e4b06d8 method=java.lang.String.replace(CC)Ljava/lang/String; @ 2
Event: 0.809 Thread 0x00007fa30120f800 Uncommon trap: reason=unstable_if action=reinterpret pc=0x000000010e4d7308 method=java.lang.String.indexOf([CII[CIII)I @ 134
Event: 0.936 Thread 0x00007fa30120f800 Uncommon trap: reason=unstable_if action=reinterpret pc=0x000000010e59dba8 method=java.io.BufferedInputStream.read1([BII)I @ 22
Event: 0.937 Thread 0x00007fa30120f800 Uncommon trap: reason=unstable_if action=reinterpret pc=0x000000010e56c998 method=java.io.BufferedInputStream.read1([BII)I @ 22
Event: 1.028 Thread 0x00007fa3000d1000 Uncommon trap: reason=unstable_if action=reinterpret pc=0x000000010e5928c0 method=sun.net.www.ParseUtil.encodePath(Ljava/lang/String;Z)Ljava/lang/String; @ 109
Event: 2.751 Thread 0x00007fa30120f800 Uncommon trap: reason=unstable_if action=reinterpret pc=0x000000010e5e9374 method=java.util.HashMap.getNode(ILjava/lang/Object;)Ljava/util/HashMap$Node; @ 116
Event: 2.757 Thread 0x00007fa30120f800 Uncommon trap: reason=unstable_if action=reinterpret pc=0x000000010e5eb8bc method=java.util.HashMap.getNode(ILjava/lang/Object;)Ljava/util/HashMap$Node; @ 116
Event: 2.790 Thread 0x00007fa30120f800 Uncommon trap: reason=unstable_if action=reinterpret pc=0x000000010e5f79e4 method=jdk.internal.org.objectweb.asm.Type.getArgumentsAndReturnSizes(Ljava/lang/String;)I @ 47

Classes redefined (0 events):
No events

Internal exceptions (10 events):
Event: 3.632 Thread 0x00007fa30120f800 Exception <a 'java/io/FileNotFoundException'> (0x000000076c8dcab0) thrown at [/Users/java_re/workspace/8-2-build-macosx-x86_64/jdk8u202/12323/hotspot/src/share/vm/prims/jni.cpp, line 710]
Event: 3.641 Thread 0x00007fa30120f800 Exception <a 'java/io/FileNotFoundException'> (0x000000076c8f5f60) thrown at [/Users/java_re/workspace/8-2-build-macosx-x86_64/jdk8u202/12323/hotspot/src/share/vm/prims/jni.cpp, line 710]
Event: 7.018 Thread 0x00007fa30120f800 Exception <a 'java/io/FileNotFoundException'> (0x000000076c9499c0) thrown at [/Users/java_re/workspace/8-2-build-macosx-x86_64/jdk8u202/12323/hotspot/src/share/vm/prims/jni.cpp, line 710]
Event: 7.024 Thread 0x00007fa30120f800 Exception <a 'java/io/FileNotFoundException'> (0x000000076c967f38) thrown at [/Users/java_re/workspace/8-2-build-macosx-x86_64/jdk8u202/12323/hotspot/src/share/vm/prims/jni.cpp, line 710]
Event: 7.923 Thread 0x00007fa30120f800 Exception <a 'java/io/FileNotFoundException'> (0x000000076c9a7090) thrown at [/Users/java_re/workspace/8-2-build-macosx-x86_64/jdk8u202/12323/hotspot/src/share/vm/prims/jni.cpp, line 710]
Event: 7.926 Thread 0x00007fa30120f800 Exception <a 'java/io/FileNotFoundException'> (0x000000076c9c0478) thrown at [/Users/java_re/workspace/8-2-build-macosx-x86_64/jdk8u202/12323/hotspot/src/share/vm/prims/jni.cpp, line 710]
Event: 8.603 Thread 0x00007fa30120f800 Exception <a 'java/io/FileNotFoundException'> (0x000000076c9f6558) thrown at [/Users/java_re/workspace/8-2-build-macosx-x86_64/jdk8u202/12323/hotspot/src/share/vm/prims/jni.cpp, line 710]
Event: 8.605 Thread 0x00007fa30120f800 Exception <a 'java/io/FileNotFoundException'> (0x000000076ca0f940) thrown at [/Users/java_re/workspace/8-2-build-macosx-x86_64/jdk8u202/12323/hotspot/src/share/vm/prims/jni.cpp, line 710]
Event: 9.127 Thread 0x00007fa30120f800 Exception <a 'java/io/FileNotFoundException'> (0x000000076ca46bf0) thrown at [/Users/java_re/workspace/8-2-build-macosx-x86_64/jdk8u202/12323/hotspot/src/share/vm/prims/jni.cpp, line 710]
Event: 9.130 Thread 0x00007fa30120f800 Exception <a 'java/io/FileNotFoundException'> (0x000000076ca60078) thrown at [/Users/java_re/workspace/8-2-build-macosx-x86_64/jdk8u202/12323/hotspot/src/share/vm/prims/jni.cpp, line 710]

Events (10 events):
Event: 2.902 loading class com/sun/javafx/collections/VetoableListDecorator$ModCountAccessorImpl
Event: 2.902 loading class com/sun/javafx/collections/VetoableListDecorator$ModCountAccessorImpl done
Event: 2.908 loading class com/sun/javafx/sg/prism/NGPerspectiveCamera
Event: 2.908 loading class com/sun/javafx/sg/prism/NGPerspectiveCamera done
Event: 2.909 loading class com/sun/javafx/geom/transform/TransformHelper
Event: 2.909 loading class com/sun/javafx/geom/transform/TransformHelper done
Event: 2.910 loading class com/sun/javafx/sg/prism/NGNode$RenderRootResult
Event: 2.910 loading class com/sun/javafx/sg/prism/NGNode$RenderRootResult done
Event: 4.106 Executing VM operation: EnableBiasedLocking
Event: 4.107 Executing VM operation: EnableBiasedLocking done


Dynamic libraries:
0x00007ff82fcd4000 	/System/Library/Frameworks/Cocoa.framework/Versions/A/Cocoa
0x00007ff81b5d2000 	/System/Library/Frameworks/AppKit.framework/Versions/C/AppKit
0x00007ff81eb31000 	/System/Library/Frameworks/CoreData.framework/Versions/A/CoreData
0x00007ff8199e9000 	/System/Library/Frameworks/Foundation.framework/Versions/C/Foundation
0x00007ff823d4d000 	/usr/lib/libSystem.B.dylib
0x00007ff81c464000 	/System/Library/PrivateFrameworks/UIFoundation.framework/Versions/A/UIFoundation
0x00007ff829c80000 	/System/Library/PrivateFrameworks/RemoteViewServices.framework/Versions/A/RemoteViewServices
0x00007ff822020000 	/System/Library/PrivateFrameworks/XCTTargetBootstrap.framework/Versions/A/XCTTargetBootstrap
0x00007ff825c19000 	/System/Library/PrivateFrameworks/InternationalSupport.framework/Versions/A/InternationalSupport
0x00007ff825ca3000 	/System/Library/PrivateFrameworks/UserActivity.framework/Versions/A/UserActivity
0x00007ff825000000 	/usr/lib/libspindump.dylib
0x00007ff81c6f2000 	/System/Library/Frameworks/UniformTypeIdentifiers.framework/Versions/A/UniformTypeIdentifiers
0x00007ff820759000 	/usr/lib/libapp_launch_measurement.dylib
0x00007ff81f50d000 	/System/Library/PrivateFrameworks/CoreAnalytics.framework/Versions/A/CoreAnalytics
0x00007ff82075c000 	/System/Library/PrivateFrameworks/CoreAutoLayout.framework/Versions/A/CoreAutoLayout
0x00007ff82197c000 	/System/Library/Frameworks/Metal.framework/Versions/A/Metal
0x00007ff822698000 	/usr/lib/liblangid.dylib
0x00007ff822024000 	/System/Library/PrivateFrameworks/CoreSVG.framework/Versions/A/CoreSVG
0x00007ff81dab9000 	/System/Library/PrivateFrameworks/SkyLight.framework/Versions/A/SkyLight
0x00007ff81de4f000 	/System/Library/Frameworks/CoreGraphics.framework/Versions/A/CoreGraphics
0x00007ff82a2ef000 	/System/Library/Frameworks/Accelerate.framework/Versions/A/Accelerate
0x00007ff824a7b000 	/System/Library/PrivateFrameworks/IconServices.framework/Versions/A/IconServices
0x00007ff821961000 	/System/Library/Frameworks/IOSurface.framework/Versions/A/IOSurface
0x00007ff81f53b000 	/usr/lib/libDiagnosticMessagesClient.dylib
0x00007ff823c67000 	/usr/lib/libz.1.dylib
0x00007ff82d960000 	/System/Library/Frameworks/ApplicationServices.framework/Versions/A/ApplicationServices
0x00007ff82200c000 	/System/Library/PrivateFrameworks/DFRFoundation.framework/Versions/A/DFRFoundation
0x00007ff81aec3000 	/usr/lib/libicucore.A.dylib
0x00007ff82693e000 	/System/Library/Frameworks/AudioToolbox.framework/Versions/A/AudioToolbox
0x00007ff825c25000 	/System/Library/PrivateFrameworks/DataDetectorsCore.framework/Versions/A/DataDetectorsCore
0x00007ff921517000 	/System/Library/PrivateFrameworks/TextInput.framework/Versions/A/TextInput
0x00007ff81da3d000 	/usr/lib/libMobileGestalt.dylib
0x00007ff821d14000 	/System/Library/Frameworks/Carbon.framework/Versions/A/Frameworks/HIToolbox.framework/Versions/A/HIToolbox
0x00007ff820186000 	/System/Library/Frameworks/QuartzCore.framework/Versions/A/QuartzCore
0x00007ff81ab63000 	/System/Library/Frameworks/Security.framework/Versions/A/Security
0x00007ff829cb8000 	/System/Library/Frameworks/Carbon.framework/Versions/A/Frameworks/SpeechRecognition.framework/Versions/A/SpeechRecognition
0x00007ff8204b9000 	/System/Library/PrivateFrameworks/CoreUI.framework/Versions/A/CoreUI
0x00007ff81a43b000 	/System/Library/Frameworks/CoreAudio.framework/Versions/A/CoreAudio
0x00007ff81f629000 	/System/Library/Frameworks/DiskArbitration.framework/Versions/A/DiskArbitration
0x00007ff8253e3000 	/System/Library/PrivateFrameworks/MultitouchSupport.framework/Versions/A/MultitouchSupport
0x00007ff81da3c000 	/usr/lib/libenergytrace.dylib
0x00007ff81b4be000 	/System/Library/Frameworks/IOKit.framework/Versions/A/IOKit
0x00007ff82a0a4000 	/System/Library/Frameworks/CoreServices.framework/Versions/A/CoreServices
0x00007ff8206f3000 	/System/Library/PrivateFrameworks/PerformanceAnalysis.framework/Versions/A/PerformanceAnalysis
0x00007ffa30ffe000 	/System/Library/Frameworks/OpenGL.framework/Versions/A/OpenGL
0x00007ff823294000 	/System/Library/PrivateFrameworks/MobileKeyBag.framework/Versions/A/MobileKeyBag
0x00007ff818a81000 	/usr/lib/libobjc.A.dylib
0x00007ff81e57e000 	/System/Library/Frameworks/ColorSync.framework/Versions/A/ColorSync
0x00007ff818c3d000 	/System/Library/Frameworks/CoreFoundation.framework/Versions/A/CoreFoundation
0x00007ff82229f000 	/System/Library/Frameworks/CoreImage.framework/Versions/A/CoreImage
0x00007ff81a251000 	/System/Library/Frameworks/CoreText.framework/Versions/A/CoreText
0x00007ff822053000 	/System/Library/Frameworks/ImageIO.framework/Versions/A/ImageIO
0x00007ff823d53000 	/System/Library/PrivateFrameworks/SoftLinking.framework/Versions/A/SoftLinking
0x00007ff8207a4000 	/usr/lib/libxml2.2.dylib
0x00007ff818b4a000 	/usr/lib/libc++.1.dylib
0x00007ff823fd4000 	/usr/lib/libcompression.dylib
0x00007ff825b4f000 	/System/Library/PrivateFrameworks/TextureIO.framework/Versions/A/TextureIO
0x00007ff8246f4000 	/usr/lib/libate.dylib
0x00007ff823d48000 	/usr/lib/system/libcache.dylib
0x00007ff823d04000 	/usr/lib/system/libcommonCrypto.dylib
0x00007ff823d2d000 	/usr/lib/system/libcompiler_rt.dylib
0x00007ff823d23000 	/usr/lib/system/libcopyfile.dylib
0x00007ff81897b000 	/usr/lib/system/libcorecrypto.dylib
0x00007ff818a3a000 	/usr/lib/system/libdispatch.dylib
0x00007ff818bfc000 	/usr/lib/system/libdyld.dylib
0x00007ff823d3f000 	/usr/lib/system/libkeymgr.dylib
0x00007ff823ce2000 	/usr/lib/system/libmacho.dylib
0x00007ff823368000 	/usr/lib/system/libquarantine.dylib
0x00007ff823d3d000 	/usr/lib/system/libremovefile.dylib
0x00007ff81da89000 	/usr/lib/system/libsystem_asl.dylib
0x00007ff818929000 	/usr/lib/system/libsystem_blocks.dylib
0x00007ff818ac1000 	/usr/lib/system/libsystem_c.dylib
0x00007ff823d35000 	/usr/lib/system/libsystem_collections.dylib
0x00007ff822689000 	/usr/lib/system/libsystem_configuration.dylib
0x00007ff821944000 	/usr/lib/system/libsystem_containermanager.dylib
0x00007ff823a19000 	/usr/lib/system/libsystem_coreservices.dylib
0x00007ff81b14c000 	/usr/lib/system/libsystem_darwin.dylib
0x00007ff823d40000 	/usr/lib/system/libsystem_dnssd.dylib
0x00007ff818abe000 	/usr/lib/system/libsystem_featureflags.dylib
0x00007ff818c12000 	/usr/lib/system/libsystem_info.dylib
0x00007ff823c7a000 	/usr/lib/system/libsystem_m.dylib
0x00007ff818a0e000 	/usr/lib/system/libsystem_malloc.dylib
0x00007ff81da26000 	/usr/lib/system/libsystem_networkextension.dylib
0x00007ff81b574000 	/usr/lib/system/libsystem_notify.dylib
0x00007ff829f79000 	/usr/lib/system/libsystem_product_info_filter.dylib
0x00007ff82268d000 	/usr/lib/system/libsystem_sandbox.dylib
0x00007ff823d3a000 	/usr/lib/system/libsystem_secinit.dylib
0x00007ff818bb9000 	/usr/lib/system/libsystem_kernel.dylib
0x00007ff818c08000 	/usr/lib/system/libsystem_platform.dylib
0x00007ff818bf0000 	/usr/lib/system/libsystem_pthread.dylib
0x00007ff81f354000 	/usr/lib/system/libsystem_symptoms.dylib
0x00007ff818962000 	/usr/lib/system/libsystem_trace.dylib
0x00007ff823d10000 	/usr/lib/system/libunwind.dylib
0x00007ff81892b000 	/usr/lib/system/libxpc.dylib
0x00007ff818ba3000 	/usr/lib/libc++abi.dylib
0x00007ff823d1b000 	/usr/lib/liboah.dylib
0x00007ff8244ad000 	/usr/lib/liblzma.5.dylib
0x00007ff8196fa000 	/System/Library/Frameworks/SystemConfiguration.framework/Versions/A/SystemConfiguration
0x00007ff823d4f000 	/usr/lib/libfakelink.dylib
0x00007ff81d58f000 	/System/Library/Frameworks/CFNetwork.framework/Versions/A/CFNetwork
0x00007ff823e8e000 	/usr/lib/libarchive.2.dylib
0x00007ff822694000 	/System/Library/PrivateFrameworks/AppleSystemInfo.framework/Versions/A/AppleSystemInfo
0x00007ff82338f000 	/usr/lib/libbsm.0.dylib
0x00007ff81cbc5000 	/usr/lib/libnetwork.dylib
0x00007ff823ce8000 	/usr/lib/system/libkxld.dylib
0x00007ff822fbd000 	/System/Library/PrivateFrameworks/IOMobileFramebuffer.framework/Versions/A/IOMobileFramebuffer
0x00007ffb2ec6a000 	/usr/lib/libCoreEntitlements.dylib
0x00007ff8239fb000 	/System/Library/PrivateFrameworks/AppleFSCompression.framework/Versions/A/AppleFSCompression
0x00007ff823377000 	/usr/lib/libcoretls.dylib
0x00007ff8244c7000 	/usr/lib/libcoretls_cfhelpers.dylib
0x00007ff823fcf000 	/usr/lib/libpam.2.dylib
0x00007ff81ef7a000 	/usr/lib/libsqlite3.dylib
0x00007ff824536000 	/usr/lib/libxar.1.dylib
0x00007ff823a0b000 	/usr/lib/libbz2.1.0.dylib
0x00007ff823d54000 	/usr/lib/libpcap.A.dylib
0x00007ff81f34b000 	/usr/lib/libdns_services.dylib
0x00007ff823fa1000 	/usr/lib/libapple_nghttp2.dylib
0x00007ff823d8b000 	/usr/lib/libiconv.2.dylib
0x00007ff823ce1000 	/usr/lib/libcharset.1.dylib
0x00007ff820727000 	/System/Library/Frameworks/CoreServices.framework/Versions/A/Frameworks/FSEvents.framework/Versions/A/FSEvents
0x00007ff81b156000 	/System/Library/Frameworks/CoreServices.framework/Versions/A/Frameworks/CarbonCore.framework/Versions/A/CarbonCore
0x00007ff81f58e000 	/System/Library/Frameworks/CoreServices.framework/Versions/A/Frameworks/Metadata.framework/Versions/A/Metadata
0x00007ff823a1e000 	/System/Library/Frameworks/CoreServices.framework/Versions/A/Frameworks/OSServices.framework/Versions/A/OSServices
0x00007ff823f15000 	/System/Library/Frameworks/CoreServices.framework/Versions/A/Frameworks/SearchKit.framework/Versions/A/SearchKit
0x00007ff81f2dd000 	/System/Library/Frameworks/CoreServices.framework/Versions/A/Frameworks/AE.framework/Versions/A/AE
0x00007ff81913e000 	/System/Library/Frameworks/CoreServices.framework/Versions/A/Frameworks/LaunchServices.framework/Versions/A/LaunchServices
0x00007ff82445e000 	/System/Library/Frameworks/CoreServices.framework/Versions/A/Frameworks/DictionaryServices.framework/Versions/A/DictionaryServices
0x00007ff820734000 	/System/Library/Frameworks/CoreServices.framework/Versions/A/Frameworks/SharedFileList.framework/Versions/A/SharedFileList
0x00007ff82336b000 	/usr/lib/libCheckFix.dylib
0x00007ff81daa0000 	/System/Library/PrivateFrameworks/TCC.framework/Versions/A/TCC
0x00007ff82269a000 	/System/Library/PrivateFrameworks/CoreNLP.framework/Versions/A/CoreNLP
0x00007ff81f53e000 	/System/Library/PrivateFrameworks/MetadataUtilities.framework/Versions/A/MetadataUtilities
0x00007ff8197aa000 	/usr/lib/libmecabra.dylib
0x00007ff82339f000 	/usr/lib/libmecab.dylib
0x00007ff819775000 	/usr/lib/libCRFSuite.dylib
0x00007ff8233fc000 	/usr/lib/libgermantok.dylib
0x00007ff823f7c000 	/usr/lib/libThaiTokenizer.dylib
0x00007ff81f630000 	/System/Library/Frameworks/Accelerate.framework/Versions/A/Frameworks/vImage.framework/Versions/A/vImage
0x00007ff82a07b000 	/System/Library/Frameworks/Accelerate.framework/Versions/A/Frameworks/vecLib.framework/Versions/A/vecLib
0x00007ff824577000 	/System/Library/Frameworks/Accelerate.framework/Versions/A/Frameworks/vecLib.framework/Versions/A/libvMisc.dylib
0x00007ff822db1000 	/System/Library/Frameworks/Accelerate.framework/Versions/A/Frameworks/vecLib.framework/Versions/A/libvDSP.dylib
0x00007ff8194b6000 	/System/Library/Frameworks/Accelerate.framework/Versions/A/Frameworks/vecLib.framework/Versions/A/libBLAS.dylib
0x00007ff8240b1000 	/System/Library/Frameworks/Accelerate.framework/Versions/A/Frameworks/vecLib.framework/Versions/A/libLAPACK.dylib
0x00007ff8233ff000 	/System/Library/Frameworks/Accelerate.framework/Versions/A/Frameworks/vecLib.framework/Versions/A/libLinearAlgebra.dylib
0x00007ff823fba000 	/System/Library/Frameworks/Accelerate.framework/Versions/A/Frameworks/vecLib.framework/Versions/A/libSparseBLAS.dylib
0x00007ff8240ab000 	/System/Library/Frameworks/Accelerate.framework/Versions/A/Frameworks/vecLib.framework/Versions/A/libQuadrature.dylib
0x00007ff822784000 	/System/Library/Frameworks/Accelerate.framework/Versions/A/Frameworks/vecLib.framework/Versions/A/libBNNS.dylib
0x00007ff81968b000 	/System/Library/Frameworks/Accelerate.framework/Versions/A/Frameworks/vecLib.framework/Versions/A/libSparse.dylib
0x00007ff82277d000 	/System/Library/PrivateFrameworks/LinguisticData.framework/Versions/A/LinguisticData
0x00007ff819640000 	/System/Library/PrivateFrameworks/Lexicon.framework/Versions/A/Lexicon
0x00007ff824570000 	/usr/lib/libChineseTokenizer.dylib
0x00007ff819da4000 	/System/Library/PrivateFrameworks/LanguageModeling.framework/Versions/A/LanguageModeling
0x00007ff823f7e000 	/System/Library/PrivateFrameworks/AppleSauce.framework/Versions/A/AppleSauce
0x00007ff822fab000 	/System/Library/PrivateFrameworks/CoreEmoji.framework/Versions/A/CoreEmoji
0x00007ff823e7d000 	/usr/lib/libcmph.dylib
0x00007ff82070b000 	/System/Library/Frameworks/OpenDirectory.framework/Versions/A/Frameworks/CFOpenDirectory.framework/Versions/A/CFOpenDirectory
0x00007ff8206ff000 	/System/Library/Frameworks/OpenDirectory.framework/Versions/A/OpenDirectory
0x00007ff8244c9000 	/System/Library/PrivateFrameworks/APFS.framework/Versions/A/APFS
0x00007ff8232cc000 	/System/Library/Frameworks/SecurityFoundation.framework/Versions/A/SecurityFoundation
0x00007ff824544000 	/usr/lib/libutil.dylib
0x00007ff81b481000 	/System/Library/PrivateFrameworks/CoreServicesStore.framework/Versions/A/CoreServicesStore
0x00007ff824548000 	/usr/lib/libxslt.1.dylib
0x00007ff823359000 	/System/Library/PrivateFrameworks/BackgroundTaskManagement.framework/Versions/A/BackgroundTaskManagement
0x00007ff825a71000 	/System/Library/Frameworks/ImageIO.framework/Versions/A/Resources/libRadiance.dylib
0x00007ff825a7a000 	/System/Library/Frameworks/ImageIO.framework/Versions/A/Resources/libJPEG.dylib
0x00007ff8259cb000 	/System/Library/Frameworks/ImageIO.framework/Versions/A/Resources/libPng.dylib
0x00007ff8259ec000 	/System/Library/Frameworks/ImageIO.framework/Versions/A/Resources/libTIFF.dylib
0x00007ff825ad8000 	/System/Library/Frameworks/ImageIO.framework/Versions/A/Resources/libGIF.dylib
0x00007ff825300000 	/System/Library/Frameworks/ImageIO.framework/Versions/A/Resources/libJP2.dylib
0x00007ff824a42000 	/usr/lib/libexpat.1.dylib
0x00007ff8252b5000 	/System/Library/PrivateFrameworks/AppleJPEG.framework/Versions/A/AppleJPEG
0x00007ff821bd7000 	/System/Library/PrivateFrameworks/FontServices.framework/libFontParser.dylib
0x00007ff81f287000 	/System/Library/PrivateFrameworks/RunningBoardServices.framework/Versions/A/RunningBoardServices
0x00007ff830250000 	/System/Library/PrivateFrameworks/IOSurfaceAccelerator.framework/Versions/A/IOSurfaceAccelerator
0x00007ff8253df000 	/System/Library/PrivateFrameworks/WatchdogClient.framework/Versions/A/WatchdogClient
0x00007ff819e93000 	/System/Library/Frameworks/CoreDisplay.framework/Versions/A/CoreDisplay
0x00007ff821ad6000 	/System/Library/Frameworks/CoreMedia.framework/Versions/A/CoreMedia
0x00007ff821973000 	/System/Library/PrivateFrameworks/IOAccelerator.framework/Versions/A/IOAccelerator
0x00007ff820887000 	/System/Library/Frameworks/CoreVideo.framework/Versions/A/CoreVideo
0x00007ff823fcd000 	/System/Library/Frameworks/MetalPerformanceShaders.framework/Versions/A/MetalPerformanceShaders
0x00007ff82541a000 	/System/Library/Frameworks/VideoToolbox.framework/Versions/A/VideoToolbox
0x00007ff81f1cf000 	/System/Library/PrivateFrameworks/BaseBoard.framework/Versions/A/BaseBoard
0x00007ff81ef60000 	/System/Library/PrivateFrameworks/ProtocolBuffer.framework/Versions/A/ProtocolBuffer
0x00007ff825a6a000 	/System/Library/PrivateFrameworks/GPUWrangler.framework/Versions/A/GPUWrangler
0x00007ff825a4d000 	/System/Library/PrivateFrameworks/IOPresentment.framework/Versions/A/IOPresentment
0x00007ff825a74000 	/System/Library/PrivateFrameworks/DSExternalDisplay.framework/Versions/A/DSExternalDisplay
0x00007ffa30ff2000 	/System/Library/Frameworks/OpenGL.framework/Versions/A/Libraries/libCoreFSCache.dylib
0x00007ffb1ceda000 	/System/Library/PrivateFrameworks/GPUCompiler.framework/Versions/31001/Libraries/libGPUCompilerUtils.dylib
0x00007ff825add000 	/System/Library/PrivateFrameworks/CMCaptureCore.framework/Versions/A/CMCaptureCore
0x00007ff824fee000 	/System/Library/PrivateFrameworks/AppServerSupport.framework/Versions/A/AppServerSupport
0x00007ff8271c4000 	/System/Library/PrivateFrameworks/perfdata.framework/Versions/A/perfdata
0x00007ff819fbf000 	/System/Library/PrivateFrameworks/AudioToolboxCore.framework/Versions/A/AudioToolboxCore
0x00007ff821ab3000 	/System/Library/PrivateFrameworks/caulk.framework/Versions/A/caulk
0x00007ff826ae8000 	/usr/lib/libAudioStatistics.dylib
0x00007ff91dda5000 	/System/Library/PrivateFrameworks/SystemPolicy.framework/Versions/A/SystemPolicy
0x00007ff826d3d000 	/usr/lib/libSMC.dylib
0x00007ff82fb87000 	/System/Library/Frameworks/CoreMIDI.framework/Versions/A/CoreMIDI
0x00007ff82599b000 	/usr/lib/libAudioToolboxUtility.dylib
0x00007ff91a1b7000 	/System/Library/PrivateFrameworks/OSAServicesClient.framework/Versions/A/OSAServicesClient
0x00007ff8271d1000 	/usr/lib/libperfcheck.dylib
0x00007ff91e837000 	/usr/lib/libmis.dylib
0x00007ffa3104e000 	/System/Library/Frameworks/OpenGL.framework/Versions/A/Libraries/libGLU.dylib
0x00007ffa31011000 	/System/Library/Frameworks/OpenGL.framework/Versions/A/Libraries/libGFXShared.dylib
0x00007ffa3121f000 	/System/Library/Frameworks/OpenGL.framework/Versions/A/Libraries/libGL.dylib
0x00007ffa3101a000 	/System/Library/Frameworks/OpenGL.framework/Versions/A/Libraries/libGLImage.dylib
0x00007ffa3100e000 	/System/Library/Frameworks/OpenGL.framework/Versions/A/Libraries/libCVMSPluginSupport.dylib
0x00007ffa30ff9000 	/System/Library/Frameworks/OpenGL.framework/Versions/A/Libraries/libCoreVMClient.dylib
0x00007ff822618000 	/System/Library/Frameworks/MetalPerformanceShaders.framework/Versions/A/Frameworks/MPSCore.framework/Versions/A/MPSCore
0x00007ff823966000 	/System/Library/Frameworks/MetalPerformanceShaders.framework/Versions/A/Frameworks/MPSImage.framework/Versions/A/MPSImage
0x00007ff823415000 	/System/Library/Frameworks/MetalPerformanceShaders.framework/Versions/A/Frameworks/MPSNeuralNetwork.framework/Versions/A/MPSNeuralNetwork
0x00007ff82388a000 	/System/Library/Frameworks/MetalPerformanceShaders.framework/Versions/A/Frameworks/MPSMatrix.framework/Versions/A/MPSMatrix
0x00007ff823646000 	/System/Library/Frameworks/MetalPerformanceShaders.framework/Versions/A/Frameworks/MPSRayIntersector.framework/Versions/A/MPSRayIntersector
0x00007ff8238c3000 	/System/Library/Frameworks/MetalPerformanceShaders.framework/Versions/A/Frameworks/MPSNDArray.framework/Versions/A/MPSNDArray
0x00007ffa35c13000 	/System/Library/Frameworks/MetalPerformanceShaders.framework/Versions/A/Frameworks/MPSFunctions.framework/Versions/A/MPSFunctions
0x00007ff819399000 	/System/Library/PrivateFrameworks/MetalTools.framework/Versions/A/MetalTools
0x00007ff822692000 	/System/Library/PrivateFrameworks/AggregateDictionary.framework/Versions/A/AggregateDictionary
0x00007ff824824000 	/usr/lib/libIOReport.dylib
0x00007ffa3262e000 	/System/Library/Frameworks/OpenCL.framework/Versions/A/OpenCL
0x00007ff824b88000 	/System/Library/PrivateFrameworks/FaceCore.framework/Versions/A/FaceCore
0x00007ff824b79000 	/System/Library/PrivateFrameworks/GraphVisualizer.framework/Versions/A/GraphVisualizer
0x00007ffb1cde5000 	/System/Library/PrivateFrameworks/FontServices.framework/Versions/A/FontServices
0x00007ff824fa5000 	/System/Library/PrivateFrameworks/OTSVG.framework/Versions/A/OTSVG
0x00007ff82046f000 	/System/Library/Frameworks/ApplicationServices.framework/Versions/A/Frameworks/ATS.framework/Versions/A/Resources/libFontRegistry.dylib
0x00007ff824ff6000 	/System/Library/PrivateFrameworks/FontServices.framework/libhvf.dylib
0x00007ffb1cde6000 	/System/Library/PrivateFrameworks/FontServices.framework/libXTFontStaticRegistryData.dylib
0x00007ff8249f2000 	/System/Library/PrivateFrameworks/AppleVA.framework/Versions/A/AppleVA
0x00007ff826b0c000 	/System/Library/Frameworks/ApplicationServices.framework/Versions/A/Frameworks/ATS.framework/Versions/A/ATS
0x00007ff81e67a000 	/System/Library/Frameworks/ApplicationServices.framework/Versions/A/Frameworks/HIServices.framework/Versions/A/HIServices
0x00007ff825ae7000 	/System/Library/Frameworks/ApplicationServices.framework/Versions/A/Frameworks/PrintCore.framework/Versions/A/PrintCore
0x00007ff826e90000 	/System/Library/Frameworks/ApplicationServices.framework/Versions/A/Frameworks/QD.framework/Versions/A/QD
0x00007ff826e88000 	/System/Library/Frameworks/ApplicationServices.framework/Versions/A/Frameworks/ColorSyncLegacy.framework/Versions/A/ColorSyncLegacy
0x00007ff826afc000 	/System/Library/Frameworks/ApplicationServices.framework/Versions/A/Frameworks/SpeechSynthesis.framework/Versions/A/SpeechSynthesis
0x00007ff825aa8000 	/System/Library/Frameworks/ApplicationServices.framework/Versions/A/Frameworks/ATSUI.framework/Versions/A/ATSUI
0x00007ff826e1d000 	/usr/lib/libcups.2.dylib
0x00007ff8271e0000 	/System/Library/Frameworks/Kerberos.framework/Versions/A/Kerberos
0x00007ff8271ef000 	/System/Library/Frameworks/GSS.framework/Versions/A/GSS
0x00007ff826b78000 	/usr/lib/libresolv.9.dylib
0x00007ff825005000 	/System/Library/PrivateFrameworks/Heimdal.framework/Versions/A/Heimdal
0x00007ff82dcdd000 	/System/Library/Frameworks/Kerberos.framework/Versions/A/Libraries/libHeimdalProxy.dylib
0x00007ff81f35c000 	/System/Library/Frameworks/Network.framework/Versions/A/Network
0x00007ff824a5c000 	/usr/lib/libheimdal-asn1.dylib
0x00007ff82723b000 	/System/Library/PrivateFrameworks/CommonAuth.framework/Versions/A/CommonAuth
0x00007ff826a79000 	/System/Library/PrivateFrameworks/AudioSession.framework/Versions/A/AudioSession
0x00007ff824aec000 	/System/Library/PrivateFrameworks/MediaExperience.framework/Versions/A/MediaExperience
0x00007ff82690d000 	/System/Library/PrivateFrameworks/AudioSession.framework/libSessionUtility.dylib
0x00007ff826e9c000 	/System/Library/PrivateFrameworks/AudioResourceArbitration.framework/Versions/A/AudioResourceArbitration
0x00007ff82ae8e000 	/System/Library/PrivateFrameworks/PowerLog.framework/Versions/A/PowerLog
0x00007ff824a65000 	/System/Library/PrivateFrameworks/IconFoundation.framework/Versions/A/IconFoundation
0x00007ff829ca8000 	/System/Library/PrivateFrameworks/SpeechRecognitionCore.framework/Versions/A/SpeechRecognitionCore
0x000000010c444000 	/Library/Internet Plug-Ins/JavaAppletPlugin.plugin/Contents/Home/lib/server/libjvm.dylib
0x00007ffb2f704000 	/usr/lib/libstdc++.6.dylib
0x000000010b4d8000 	/Library/Internet Plug-Ins/JavaAppletPlugin.plugin/Contents/Home/lib/libverify.dylib
0x000000010b52d000 	/Library/Internet Plug-Ins/JavaAppletPlugin.plugin/Contents/Home/lib/libjava.dylib
0x000000010b508000 	/Library/Internet Plug-Ins/JavaAppletPlugin.plugin/Contents/Home/lib/libzip.dylib
0x0000000128784000 	/Library/Internet Plug-Ins/JavaAppletPlugin.plugin/Contents/Home/lib/libprism_es2.dylib
0x00007ff81b442000 	/System/Library/PrivateFrameworks/CoreServicesInternal.framework/Versions/A/CoreServicesInternal
0x00007ffa3122a000 	/System/Library/Frameworks/OpenGL.framework/Versions/A/Resources/GLEngine.bundle/GLEngine
0x00007ffa3108c000 	/System/Library/Frameworks/OpenGL.framework/Versions/A/Libraries/libGLProgrammability.dylib
0x0000000129225000 	/System/Library/Extensions/AppleMetalOpenGLRenderer.bundle/Contents/MacOS/AppleMetalOpenGLRenderer
0x00007ffa313b9000 	/System/Library/Frameworks/OpenGL.framework/Versions/A/Resources/GLRendererFloat.bundle/GLRendererFloat
0x00007ffa33198000 	/System/Library/Extensions/AGXMetal13_3.bundle/Contents/MacOS/AGXMetal13_3
0x00007ff91e852000 	/System/Library/PrivateFrameworks/GPURawCounter.framework/Versions/A/GPURawCounter
0x00007ff919382000 	/System/Library/PrivateFrameworks/IOGPU.framework/Versions/A/IOGPU
0x00000001293a9000 	/Library/Internet Plug-Ins/JavaAppletPlugin.plugin/Contents/Home/lib/libglass.dylib
0x00007ff82b47f000 	/System/Library/Frameworks/FileProvider.framework/Versions/A/FileProvider
0x00007ff81f13b000 	/System/Library/Frameworks/Accounts.framework/Versions/A/Accounts
0x00007ff82b5f7000 	/System/Library/PrivateFrameworks/GenerationalStorage.framework/Versions/A/GenerationalStorage
0x00007ff82c109000 	/System/Library/PrivateFrameworks/CoreSymbolication.framework/Versions/A/CoreSymbolication
0x00007ff82ae83000 	/System/Library/PrivateFrameworks/SymptomDiagnosticReporter.framework/Versions/A/SymptomDiagnosticReporter
0x00007ff81c706000 	/System/Library/PrivateFrameworks/DesktopServicesPriv.framework/Versions/A/DesktopServicesPriv
0x00007ff81b583000 	/usr/lib/libsandbox.1.dylib
0x00007ff820906000 	/System/Library/PrivateFrameworks/UserManagement.framework/Versions/A/UserManagement
0x00007ff82c0ce000 	/System/Library/PrivateFrameworks/DebugSymbols.framework/Versions/A/DebugSymbols
0x00007ff826e7d000 	/System/Library/PrivateFrameworks/NetAuth.framework/Versions/A/NetAuth
0x00007ff827d6c000 	/System/Library/PrivateFrameworks/Sharing.framework/Versions/A/Sharing
0x00007ff8208d9000 	/System/Library/PrivateFrameworks/login.framework/Versions/A/Frameworks/loginsupport.framework/Versions/A/loginsupport
0x00007ff82d20f000 	/System/Library/PrivateFrameworks/Apple80211.framework/Versions/A/Apple80211
0x00007ff823a4b000 	/System/Library/PrivateFrameworks/AuthKit.framework/Versions/A/AuthKit
0x00007ff8230a1000 	/System/Library/PrivateFrameworks/CoreUtils.framework/Versions/A/CoreUtils
0x00007ff822fc8000 	/System/Library/Frameworks/CoreWLAN.framework/Versions/A/CoreWLAN
0x00007ff827ec7000 	/System/Library/Frameworks/IOBluetooth.framework/Versions/A/IOBluetooth
0x00007ff82d277000 	/System/Library/PrivateFrameworks/CoreWiFi.framework/Versions/A/CoreWiFi
0x00007ff82bca3000 	/System/Library/PrivateFrameworks/FrontBoardServices.framework/Versions/A/FrontBoardServices
0x00007ff82bd35000 	/System/Library/PrivateFrameworks/BoardServices.framework/Versions/A/BoardServices
0x00007ff8232bb000 	/System/Library/PrivateFrameworks/AssertionServices.framework/Versions/A/AssertionServices
0x00007ff82d3fb000 	/System/Library/PrivateFrameworks/BackBoardServices.framework/Versions/A/BackBoardServices
0x00007ff8272ca000 	/System/Library/PrivateFrameworks/CorePhoneNumbers.framework/Versions/A/CorePhoneNumbers
0x00007ff82afa0000 	/System/Library/PrivateFrameworks/DiskManagement.framework/Versions/A/DiskManagement
0x00007ff82aeb4000 	/System/Library/PrivateFrameworks/AppleIDAuthSupport.framework/Versions/A/AppleIDAuthSupport
0x00007ffa37bcc000 	/System/Library/PrivateFrameworks/AAAFoundation.framework/Versions/A/AAAFoundation
0x00007ff8272ab000 	/System/Library/PrivateFrameworks/KeychainCircle.framework/Versions/A/KeychainCircle
0x00007ff82af6c000 	/System/Library/PrivateFrameworks/MediaKit.framework/Versions/A/MediaKit
0x00007ff82aec0000 	/System/Library/Frameworks/DiscRecording.framework/Versions/A/DiscRecording
0x00007ff82496a000 	/usr/lib/libCoreStorage.dylib
0x00007ff82d6ea000 	/usr/lib/libcsfde.dylib
0x00007ff827f94000 	/System/Library/PrivateFrameworks/ProtectedCloudStorage.framework/Versions/A/ProtectedCloudStorage
0x00007ff82d6e6000 	/System/Library/PrivateFrameworks/EFILogin.framework/Versions/A/EFILogin
0x00007ff82b61d000 	/System/Library/PrivateFrameworks/OctagonTrust.framework/Versions/A/OctagonTrust
0x00007ffb1c107000 	/System/Library/PrivateFrameworks/CoreUtilsExtras.framework/Versions/A/CoreUtilsExtras
0x00007ff82adf6000 	/System/Library/Frameworks/CoreBluetooth.framework/Versions/A/CoreBluetooth
0x00007ff82dd62000 	/System/Library/Frameworks/AudioUnit.framework/Versions/A/AudioUnit
0x00007ff824962000 	/usr/lib/libMatch.1.dylib
0x00007ff922c9b000 	/System/Library/Frameworks/Accelerate.framework/Versions/A/Frameworks/vImage.framework/Versions/A/Libraries/libCGInterfaces.dylib
0x000000012ad30000 	/usr/lib/libobjc-trampolines.dylib
0x00007ff830258000 	/System/Library/PrivateFrameworks/FamilyControls.framework/Versions/A/FamilyControls
0x00007ff83027c000 	/System/Library/PrivateFrameworks/CommerceKit.framework/Versions/A/Frameworks/CommerceCore.framework/Versions/A/CommerceCore
0x00007ff82a373000 	/System/Library/PrivateFrameworks/SystemAdministration.framework/Versions/A/SystemAdministration
0x00007ff827f7b000 	/System/Library/PrivateFrameworks/AppContainer.framework/Versions/A/AppContainer
0x00007ff827f90000 	/System/Library/PrivateFrameworks/SecCodeWrapper.framework/Versions/A/SecCodeWrapper
0x00007ff82482c000 	/System/Library/PrivateFrameworks/CrashReporterSupport.framework/Versions/A/CrashReporterSupport
0x00007ff92a60d000 	/System/Library/PrivateFrameworks/OSAnalytics.framework/Versions/A/OSAnalytics
0x00007ff9355a7000 	/System/Library/PrivateFrameworks/Symbolication.framework/Versions/A/Symbolication
0x00007ff91e814000 	/System/Library/PrivateFrameworks/MallocStackLogging.framework/Versions/A/MallocStackLogging
0x00007ff8250bf000 	/System/Library/PrivateFrameworks/login.framework/Versions/A/login
0x00007ff825d0f000 	/System/Library/Frameworks/MediaToolbox.framework/Versions/A/MediaToolbox
0x00007ff829c74000 	/System/Library/Frameworks/DirectoryService.framework/Versions/A/DirectoryService
0x00007ff82d588000 	/System/Library/PrivateFrameworks/DiskImages.framework/Versions/A/DiskImages
0x00007ff823363000 	/System/Library/Frameworks/ServiceManagement.framework/Versions/A/ServiceManagement
0x00007ff82d762000 	/System/Library/PrivateFrameworks/LoginUIKit.framework/Versions/A/Frameworks/LoginUICore.framework/Versions/A/LoginUICore
0x00007ff82526d000 	/usr/lib/libodfde.dylib
0x00007ff82b44f000 	/System/Library/PrivateFrameworks/CoreAVCHD.framework/Versions/A/CoreAVCHD
0x00007ff82a337000 	/System/Library/Frameworks/MediaAccessibility.framework/Versions/A/MediaAccessibility
0x00007ff82b44b000 	/System/Library/PrivateFrameworks/Mangrove.framework/Versions/A/Mangrove
0x00007ff82a342000 	/System/Library/PrivateFrameworks/AlgosScoreFramework.framework/Versions/A/AlgosScoreFramework
0x00007ffb1954c000 	/System/Library/PrivateFrameworks/CMPhoto.framework/Versions/A/CMPhoto
0x00007ff82bfa4000 	/System/Library/PrivateFrameworks/AppleVPA.framework/Versions/A/AppleVPA
0x00007ff82b090000 	/System/Library/PrivateFrameworks/CoreAUC.framework/Versions/A/CoreAUC
0x00007ff82d6f6000 	/usr/lib/libcurl.4.dylib
0x00007ff82d453000 	/usr/lib/libcrypto.44.dylib
0x00007ff82d55b000 	/usr/lib/libssl.46.dylib
0x00007ff82d419000 	/System/Library/Frameworks/LDAP.framework/Versions/A/LDAP
0x00007ff82d451000 	/System/Library/PrivateFrameworks/TrustEvaluationAgent.framework/Versions/A/TrustEvaluationAgent
0x00007ff826b91000 	/usr/lib/libsasl2.2.dylib
0x00007ff82a367000 	/System/Library/PrivateFrameworks/CoreDaemon.framework/Versions/B/CoreDaemon
0x00007ff82a362000 	/System/Library/PrivateFrameworks/AppleSRP.framework/Versions/A/AppleSRP
0x00007ff8205ff000 	/System/Library/PrivateFrameworks/ViewBridge.framework/Versions/A/ViewBridge
0x00007ffb2ed7c000 	/usr/lib/libRosetta.dylib
0x000000012c409000 	/Library/Internet Plug-Ins/JavaAppletPlugin.plugin/Contents/Home/lib/libnet.dylib
0x000000012c444000 	/Library/Internet Plug-Ins/JavaAppletPlugin.plugin/Contents/Home/lib/libnio.dylib
0x000000012c7c3000 	/Library/Internet Plug-Ins/JavaAppletPlugin.plugin/Contents/Home/lib/libjavafx_font.dylib

VM Arguments:
jvm_args: -Dfile.encoding=UTF-8 
java_command: application.Main
java_class_path (initial): /Users/furkanacar/eclipse-workspace/hmw_trial/bin:/Applications/Eclipse.app/Contents/Eclipse/plugins/org.eclipse.fx.ide.css.jfx8_3.7.0.202010120832.jar
Launcher Type: SUN_STANDARD

Environment Variables:
PATH=/usr/bin:/bin:/usr/sbin:/sbin
SHELL=/bin/zsh

Signal Handlers:
SIGSEGV: [libjvm.dylib+0x5b719d], sa_mask[0]=11111111111111111111111111111111, sa_flags=SA_ONSTACK|SA_RESTART|SA_SIGINFO
SIGBUS: [libjvm.dylib+0x5b719d], sa_mask[0]=11111111111111111111111111111111, sa_flags=SA_RESTART|SA_SIGINFO
SIGFPE: [libjvm.dylib+0x48c8fc], sa_mask[0]=11111111111111111111111111111111, sa_flags=SA_RESTART|SA_SIGINFO
SIGPIPE: [libjvm.dylib+0x48c8fc], sa_mask[0]=11111111111111111111111111111111, sa_flags=SA_RESTART|SA_SIGINFO
SIGXFSZ: [libjvm.dylib+0x48c8fc], sa_mask[0]=11111111111111111111111111111111, sa_flags=SA_RESTART|SA_SIGINFO
SIGILL: [libjvm.dylib+0x48c8fc], sa_mask[0]=11111111111111111111111111111111, sa_flags=SA_RESTART|SA_SIGINFO
SIGUSR1: SIG_DFL, sa_mask[0]=00000000000000000000000000000000, sa_flags=none
SIGUSR2: [libjvm.dylib+0x48c41a], sa_mask[0]=00100000000000000000000000000000, sa_flags=SA_RESTART|SA_SIGINFO
SIGHUP: [libjvm.dylib+0x48a9a5], sa_mask[0]=11111111111111111111111111111111, sa_flags=SA_RESTART|SA_SIGINFO
SIGINT: [libjvm.dylib+0x48a9a5], sa_mask[0]=11111111111111111111111111111111, sa_flags=SA_RESTART|SA_SIGINFO
SIGTERM: [libjvm.dylib+0x48a9a5], sa_mask[0]=11111111111111111111111111111111, sa_flags=SA_RESTART|SA_SIGINFO
SIGQUIT: [libjvm.dylib+0x48a9a5], sa_mask[0]=11111111111111111111111111111111, sa_flags=SA_RESTART|SA_SIGINFO


---------------  S Y S T E M  ---------------

OS:Bsduname:Darwin 21.3.0 Darwin Kernel Version 21.3.0: Wed Jan  5 21:37:58 PST 2022; root:xnu-8019.80.24~20/RELEASE_ARM64_T8101 x86_64
rlimit: STACK 8176k, CORE 0k, NPROC 2666, NOFILE 10240, AS infinity
load average:3.70 3.45 2.99

CPU:total 8 (initial active 8) (1 cores per cpu, 1 threads per core) family 6 model 44 stepping 0, cmov, cx8, fxsr, mmx, sse, sse2, sse3, ssse3, sse4.1, sse4.2, popcnt, aes, clmul, tsc, tscinvbit, tscinv

Memory: 4k page, physical 16777216k(44344k free)

/proc/meminfo:


vm_info: Java HotSpot(TM) 64-Bit Server VM (25.202-b08) for bsd-amd64 JRE (1.8.0_202-b08), built on Dec 15 2018 20:16:16 by "java_re" with gcc 4.2.1 (Based on Apple Inc. build 5658) (LLVM build 2336.11.00)

time: Tue Apr 26 18:22:49 2022
timezone: +03
elapsed time: 10 seconds (0d 0h 0m 10s)

